<?xml version="1.0" encoding="UTF-8"?>
<!-- Generated by org.testng.reporters.JUnitReportReporter -->
<testsuite hostname="Dipeeka" failures="0" tests="1" name="Demo.StaticJson" time="2.387" errors="0" timestamp="2024-09-08T15:28:13 IST" skipped="0">
  <testcase classname="Demo.StaticJson" name="addBook" time="2.387"/>
  <system-out/>
</testsuite> <!-- Demo.StaticJson -->
