<?xml version="1.0" encoding="UTF-8"?>
<!-- Generated by org.testng.reporters.JUnitReportReporter -->
<testsuite hostname="Dipeeka" failures="0" tests="1" name="Demo.SumValidation" time="1.282" errors="0" timestamp="2024-09-05T18:07:09 IST" skipped="0">
  <testcase classname="Demo.SumValidation" name="SumOfCourses" time="1.282"/>
  <system-out/>
</testsuite> <!-- Demo.SumValidation -->
