<?xml version="1.0" encoding="UTF-8"?>
<!-- Generated by org.testng.reporters.JUnitReportReporter -->
<testsuite hostname="Dipeeka" failures="0" tests="3" name="Files.DynamicJson" time="2.026" errors="0" timestamp="2024-09-08T12:50:52 IST" skipped="0">
  <testcase classname="Files.DynamicJson" name="addBook" time="0.116"/>
  <system-out/>
  <testcase classname="Files.DynamicJson" name="addBook" time="1.807"/>
  <system-out/>
  <testcase classname="Files.DynamicJson" name="addBook" time="0.103"/>
  <system-out/>
</testsuite> <!-- Files.DynamicJson -->
